Using pre-set license
Built from '2020.3/release' branch; Version is '2020.3.15f2 (6cf78cb77498) revision 7141260'; Using compiler version '192528614'; Build Type 'Release'
OS: 'Windows 10 Home Single Language; OS build 22000.376; Version 2009; 64bit' Language: 'tr' Physical Memory: 16221 MB
BatchMode: 1, IsHumanControllingUs: 0, StartBugReporterOnCrash: 0, Is64bit: 1, IsPro: 0

 COMMAND LINE ARGUMENTS:
C:\Program Files\Unity\Hub\Editor\2020.3.15f2\Editor\Unity.exe
-adb2
-batchMode
-noUpm
-name
AssetImportWorker0
-projectPath
D:/Unity-Projects/Line Color 3D
-logFile
Logs/AssetImportWorker0.log
-srvPort
51473
Successfully changed project path to: D:/Unity-Projects/Line Color 3D
D:/Unity-Projects/Line Color 3D
Using Asset Import Pipeline V2.
Refreshing native plugins compatible for Editor in 26.60 ms, found 2 plugins.
Preloading 0 native plugins for Editor in 0.00 ms.
Initialize engine version: 2020.3.15f2 (6cf78cb77498)
[Subsystems] Discovering subsystems at path C:/Program Files/Unity/Hub/Editor/2020.3.15f2/Editor/Data/Resources/UnitySubsystems
[Subsystems] Discovering subsystems at path D:/Unity-Projects/Line Color 3D/Assets
GfxDevice: creating device client; threaded=0
Direct3D:
    Version:  Direct3D 11.0 [level 11.1]
    Renderer: NVIDIA GeForce GTX 1650 (ID=0x1f99)
    Vendor:   
    VRAM:     3962 MB
    Driver:   27.21.14.6242
Initialize mono
Mono path[0] = 'C:/Program Files/Unity/Hub/Editor/2020.3.15f2/Editor/Data/Managed'
Mono path[1] = 'C:/Program Files/Unity/Hub/Editor/2020.3.15f2/Editor/Data/MonoBleedingEdge/lib/mono/unityjit'
Mono config path = 'C:/Program Files/Unity/Hub/Editor/2020.3.15f2/Editor/Data/MonoBleedingEdge/etc'
Using monoOptions --debugger-agent=transport=dt_socket,embedding=1,server=y,suspend=n,address=127.0.0.1:56968
Begin MonoManager ReloadAssembly
Registering precompiled unity dll's ...
Register platform support module: C:/Program Files/Unity/Hub/Editor/2020.3.15f2/Editor/Data/PlaybackEngines/WindowsStandaloneSupport/UnityEditor.WindowsStandalone.Extensions.dll
Registered in 0.001110 seconds.
Native extension for WindowsStandalone target not found
Refreshing native plugins compatible for Editor in 26.15 ms, found 2 plugins.
Preloading 0 native plugins for Editor in 0.00 ms.
Mono: successfully reloaded assembly
- Completed reload, in  1.412 seconds
Domain Reload Profiling:
	ReloadAssembly (1412ms)
		BeginReloadAssembly (43ms)
			ExecutionOrderSort (0ms)
			DisableScriptedObjects (0ms)
			BackupInstance (0ms)
			ReleaseScriptingObjects (0ms)
			CreateAndSetChildDomain (1ms)
		EndReloadAssembly (394ms)
			LoadAssemblies (41ms)
			RebuildTransferFunctionScriptingTraits (0ms)
			SetupTypeCache (141ms)
			ReleaseScriptCaches (0ms)
			RebuildScriptCaches (28ms)
			SetupLoadedEditorAssemblies (143ms)
				LogAssemblyErrors (0ms)
				InitializePlatformSupportModulesInManaged (3ms)
				SetLoadedEditorAssemblies (0ms)
				RefreshPlugins (26ms)
				BeforeProcessingInitializeOnLoad (12ms)
				ProcessInitializeOnLoadAttributes (73ms)
				ProcessInitializeOnLoadMethodAttributes (27ms)
				AfterProcessingInitializeOnLoad (0ms)
				EditorAssembliesLoaded (0ms)
			ExecutionOrderSort2 (0ms)
			AwakeInstancesAfterBackupRestoration (0ms)
Platform modules already initialized, skipping
Registering precompiled user dll's ...
Registered in 0.001672 seconds.
Begin MonoManager ReloadAssembly
Native extension for WindowsStandalone target not found
Refreshing native plugins compatible for Editor in 0.27 ms, found 2 plugins.
Preloading 0 native plugins for Editor in 0.00 ms.
Mono: successfully reloaded assembly
- Completed reload, in  1.093 seconds
Domain Reload Profiling:
	ReloadAssembly (1094ms)
		BeginReloadAssembly (124ms)
			ExecutionOrderSort (0ms)
			DisableScriptedObjects (4ms)
			BackupInstance (0ms)
			ReleaseScriptingObjects (0ms)
			CreateAndSetChildDomain (16ms)
		EndReloadAssembly (916ms)
			LoadAssemblies (70ms)
			RebuildTransferFunctionScriptingTraits (0ms)
			SetupTypeCache (283ms)
			ReleaseScriptCaches (0ms)
			RebuildScriptCaches (51ms)
			SetupLoadedEditorAssemblies (403ms)
				LogAssemblyErrors (0ms)
				InitializePlatformSupportModulesInManaged (5ms)
				SetLoadedEditorAssemblies (0ms)
				RefreshPlugins (0ms)
				BeforeProcessingInitializeOnLoad (97ms)
				ProcessInitializeOnLoadAttributes (293ms)
				ProcessInitializeOnLoadMethodAttributes (4ms)
				AfterProcessingInitializeOnLoad (3ms)
				EditorAssembliesLoaded (0ms)
			ExecutionOrderSort2 (0ms)
			AwakeInstancesAfterBackupRestoration (6ms)
Platform modules already initialized, skipping
========================================================================
Worker process is ready to serve import requests
Launched and connected shader compiler UnityShaderCompiler.exe after 0.06 seconds
Refreshing native plugins compatible for Editor in 0.33 ms, found 2 plugins.
Preloading 0 native plugins for Editor in 0.00 ms.
Unloading 1427 Unused Serialized files (Serialized files now loaded: 0)
System memory in use before: 66.3 MB.
System memory in use after: 66.4 MB.

Unloading 19 unused Assets to reduce memory usage. Loaded Objects now: 1863.
Total: 1.872100 ms (FindLiveObjects: 0.157500 ms CreateObjectMapping: 0.052300 ms MarkObjects: 1.593700 ms  DeleteObjects: 0.067600 ms)

AssetImportParameters requested are different than current active one (requested -> active):
  custom:framework-win-MediaFoundation: 216162199b28c13a410421893ffa2e32 -> 
  custom:video-decoder-ogg-theora: a1e56fd34408186e4bbccfd4996cb3dc -> 
  custom:container-muxer-webm: aa71ff27fc2769a1b78a27578f13a17b -> 
  custom:container-demuxer-webm: 4f35f7cbe854078d1ac9338744f61a02 -> 
  custom:container-demuxer-ogg: 62fdf1f143b41e24485cea50d1cbac27 -> 
  custom:video-encoder-webm-vp8: eb34c28f22e8b96e1ab97ce403110664 -> 
  custom:video-decoder-webm-vp8: 9c59270c3fd7afecdb556c50c9e8de78 -> 
  custom:audio-decoder-ogg-vorbis: bf7c407c2cedff20999df2af8eb42d56 -> 
  custom:audio-encoder-webm-vorbis: bf7c407c2cedff20999df2af8eb42d56 -> 
========================================================================
Received Import Request.
  path: Assets/Images/Sprites/shop-removebg-preview (1).png
  artifactKey: Guid(0659b65043e9f3a4687469074f14cc32) Importer(815301076,1909f56bfc062723c751e8b465ee728b)
Start importing Assets/Images/Sprites/shop-removebg-preview (1).png using Guid(0659b65043e9f3a4687469074f14cc32) Importer(815301076,1909f56bfc062723c751e8b465ee728b)  -> (artifact id: '7d6d8b3d4d55c8035d34c1ead38eb861') in 0.052872 seconds 
  Import took 0.054787 seconds .

========================================================================
Received Import Request.
  Time since last request: 3.190449 seconds.
  path: Assets/Images/Sprites/shop-removebg-preview (1).png
  artifactKey: Guid(0659b65043e9f3a4687469074f14cc32) Importer(815301076,1909f56bfc062723c751e8b465ee728b)
Start importing Assets/Images/Sprites/shop-removebg-preview (1).png using Guid(0659b65043e9f3a4687469074f14cc32) Importer(815301076,1909f56bfc062723c751e8b465ee728b)  -> (artifact id: 'fde32b5d54d9a59db4c7bcab18514ae5') in 0.047056 seconds 
  Import took 0.049720 seconds .

========================================================================
Received Import Request.
  Time since last request: 1420.261796 seconds.
  path: Assets/Images/Sprites/earnedCoin-removebg-preview.png
  artifactKey: Guid(ec2db56f381fc8f4a8bdcf9f35396430) Importer(815301076,1909f56bfc062723c751e8b465ee728b)
Start importing Assets/Images/Sprites/earnedCoin-removebg-preview.png using Guid(ec2db56f381fc8f4a8bdcf9f35396430) Importer(815301076,1909f56bfc062723c751e8b465ee728b)  -> (artifact id: '0edde5e9595f2a9b251b4e5415fa3265') in 0.016522 seconds 
  Import took 0.022225 seconds .

========================================================================
Received Import Request.
  Time since last request: 0.646053 seconds.
  path: Assets/Images/Sprites/panel-1-removebg-preview.png
  artifactKey: Guid(8ff99f0f2f85a824082ec6d3c15b535e) Importer(815301076,1909f56bfc062723c751e8b465ee728b)
Start importing Assets/Images/Sprites/panel-1-removebg-preview.png using Guid(8ff99f0f2f85a824082ec6d3c15b535e) Importer(815301076,1909f56bfc062723c751e8b465ee728b)  -> (artifact id: 'db24ffa4b3c5b6192a05b5cf05160e15') in 0.014041 seconds 
  Import took 0.018282 seconds .

========================================================================
Received Import Request.
  Time since last request: 6.575821 seconds.
  path: Assets/Images/Sprites/panel-1-removebg-preview.png
  artifactKey: Guid(8ff99f0f2f85a824082ec6d3c15b535e) Importer(815301076,1909f56bfc062723c751e8b465ee728b)
Start importing Assets/Images/Sprites/panel-1-removebg-preview.png using Guid(8ff99f0f2f85a824082ec6d3c15b535e) Importer(815301076,1909f56bfc062723c751e8b465ee728b)  -> (artifact id: 'c2ba119d8714bc0e2e151a878cd0cb90') in 0.016472 seconds 
  Import took 0.020160 seconds .

========================================================================
Received Import Request.
  Time since last request: 9.866640 seconds.
  path: Assets/Images/Sprites/earnedCoin-removebg-preview.png
  artifactKey: Guid(ec2db56f381fc8f4a8bdcf9f35396430) Importer(815301076,1909f56bfc062723c751e8b465ee728b)
Start importing Assets/Images/Sprites/earnedCoin-removebg-preview.png using Guid(ec2db56f381fc8f4a8bdcf9f35396430) Importer(815301076,1909f56bfc062723c751e8b465ee728b)  -> (artifact id: '9069b98fddfba9b415233815197bc418') in 0.016965 seconds 
  Import took 0.032682 seconds .

========================================================================
Received Import Request.
  Time since last request: 0.002331 seconds.
  path: Assets/Images/Sprites/earnedCoin-removebg-preview.png
  artifactKey: Guid(ec2db56f381fc8f4a8bdcf9f35396430) Importer(815301076,1909f56bfc062723c751e8b465ee728b)
Start importing Assets/Images/Sprites/earnedCoin-removebg-preview.png using Guid(ec2db56f381fc8f4a8bdcf9f35396430) Importer(815301076,1909f56bfc062723c751e8b465ee728b)  -> (artifact id: '9069b98fddfba9b415233815197bc418') in 0.010177 seconds 
  Import took 0.012993 seconds .

========================================================================
Received Import Request.
  Time since last request: 84.526210 seconds.
  path: Assets/Images/Sprites/Adsız_tasarım-removebg-preview.png
  artifactKey: Guid(29c595585c86e9e4cb22701fda4b926a) Importer(815301076,1909f56bfc062723c751e8b465ee728b)
Start importing Assets/Images/Sprites/Adsız_tasarım-removebg-preview.png using Guid(29c595585c86e9e4cb22701fda4b926a) Importer(815301076,1909f56bfc062723c751e8b465ee728b)  -> (artifact id: '15f902172900e7c847f541f3dd43e9fb') in 0.014063 seconds 
  Import took 0.183751 seconds .

========================================================================
Received Import Request.
  Time since last request: 2.951461 seconds.
  path: Assets/Images/Sprites/Adsız_tasarım-removebg-preview.png
  artifactKey: Guid(29c595585c86e9e4cb22701fda4b926a) Importer(815301076,1909f56bfc062723c751e8b465ee728b)
Start importing Assets/Images/Sprites/Adsız_tasarım-removebg-preview.png using Guid(29c595585c86e9e4cb22701fda4b926a) Importer(815301076,1909f56bfc062723c751e8b465ee728b)  -> (artifact id: 'a73230ed4f9a144d9a1fa23b06787732') in 0.013564 seconds 
  Import took 0.017291 seconds .

========================================================================
Received Import Request.
  Time since last request: 480.425576 seconds.
  path: Assets/Images/Sprites/panel-2.png
  artifactKey: Guid(cc85548d0dfdb1749b16349c6a204561) Importer(815301076,1909f56bfc062723c751e8b465ee728b)
Start importing Assets/Images/Sprites/panel-2.png using Guid(cc85548d0dfdb1749b16349c6a204561) Importer(815301076,1909f56bfc062723c751e8b465ee728b)  -> (artifact id: 'c72d94ee452cf018a2e3972639e71568') in 0.014346 seconds 
  Import took 0.025565 seconds .

========================================================================
Received Import Request.
  Time since last request: 3.905607 seconds.
  path: Assets/Images/Sprites/panel-2.png
  artifactKey: Guid(cc85548d0dfdb1749b16349c6a204561) Importer(815301076,1909f56bfc062723c751e8b465ee728b)
Start importing Assets/Images/Sprites/panel-2.png using Guid(cc85548d0dfdb1749b16349c6a204561) Importer(815301076,1909f56bfc062723c751e8b465ee728b)  -> (artifact id: 'd650f9c1c60a20e33efca5fadd17792c') in 0.015426 seconds 
  Import took 0.021111 seconds .

========================================================================
Received Import Request.
  Time since last request: 258.569012 seconds.
  path: Assets/Images/Sprites/Untitled (150 x 150 px).png
  artifactKey: Guid(5234a56bb0bf6b84b9e308fb271f9fb3) Importer(815301076,1909f56bfc062723c751e8b465ee728b)
Start importing Assets/Images/Sprites/Untitled (150 x 150 px).png using Guid(5234a56bb0bf6b84b9e308fb271f9fb3) Importer(815301076,1909f56bfc062723c751e8b465ee728b)  -> (artifact id: 'ce86bae005eef79a32a4c65738ff91ec') in 0.013930 seconds 
  Import took 0.129504 seconds .

========================================================================
Received Import Request.
  Time since last request: 4.472039 seconds.
  path: Assets/Images/Sprites/Untitled (150 x 150 px).png
  artifactKey: Guid(5234a56bb0bf6b84b9e308fb271f9fb3) Importer(815301076,1909f56bfc062723c751e8b465ee728b)
Start importing Assets/Images/Sprites/Untitled (150 x 150 px).png using Guid(5234a56bb0bf6b84b9e308fb271f9fb3) Importer(815301076,1909f56bfc062723c751e8b465ee728b)  -> (artifact id: 'f10412b2561505df07a594e3218fee09') in 0.104326 seconds 
  Import took 0.106816 seconds .

========================================================================
Received Import Request.
  Time since last request: 818.062956 seconds.
  path: Assets/Images/Sprites/earned_coin-removebg-preview.png
  artifactKey: Guid(d97446d8dc4bf9842888c2e3199bc7d9) Importer(815301076,1909f56bfc062723c751e8b465ee728b)
Start importing Assets/Images/Sprites/earned_coin-removebg-preview.png using Guid(d97446d8dc4bf9842888c2e3199bc7d9) Importer(815301076,1909f56bfc062723c751e8b465ee728b)  -> (artifact id: '4969e2caa7234938402d9dba4cbe1b74') in 0.040891 seconds 
  Import took 0.139661 seconds .

========================================================================
Received Import Request.
  Time since last request: 4.496115 seconds.
  path: Assets/Images/Sprites/earned_coin-removebg-preview.png
  artifactKey: Guid(d97446d8dc4bf9842888c2e3199bc7d9) Importer(815301076,1909f56bfc062723c751e8b465ee728b)
Start importing Assets/Images/Sprites/earned_coin-removebg-preview.png using Guid(d97446d8dc4bf9842888c2e3199bc7d9) Importer(815301076,1909f56bfc062723c751e8b465ee728b)  -> (artifact id: 'f88002bd69185fa484a0cc9d2c8647f2') in 0.017203 seconds 
  Import took 0.091972 seconds .

AssetImportWorkerClient::OnTransportError - code=2 error=End of file
